<?xml version="1.0" encoding="utf-8"?><testsuites name="pytest tests"><testsuite name="pytest" errors="0" failures="0" skipped="0" tests="13" time="3.857" timestamp="2026-03-05T21:06:03.978048+00:00" hostname="agent-env-4fc43594-7074-499e-874a-6be4c59e80c6"><testcase classname="tests.test_phase3_filters.TestPhase3Filters" name="test_gender_filter_all" time="0.346" /><testcase classname="tests.test_phase3_filters.TestPhase3Filters" name="test_gender_filter_male" time="0.291" /><testcase classname="tests.test_phase3_filters.TestPhase3Filters" name="test_gender_filter_female" time="0.344" /><testcase classname="tests.test_phase3_filters.TestPhase3Filters" name="test_gender_filter_other" time="0.215" /><testcase classname="tests.test_phase3_filters.TestPhase3Filters" name="test_total_spent_filter_under_500" time="0.250" /><testcase classname="tests.test_phase3_filters.TestPhase3Filters" name="test_total_spent_filter_500_2000" time="0.308" /><testcase classname="tests.test_phase3_filters.TestPhase3Filters" name="test_total_spent_filter_2000_5000" time="0.262" /><testcase classname="tests.test_phase3_filters.TestPhase3Filters" name="test_total_spent_filter_5000_10000" time="0.262" /><testcase classname="tests.test_phase3_filters.TestPhase3Filters" name="test_total_spent_filter_10000_plus" time="0.261" /><testcase classname="tests.test_phase3_filters.TestPhase3Filters" name="test_is_blocked_filter_true" time="0.245" /><testcase classname="tests.test_phase3_filters.TestPhase3Filters" name="test_is_blocked_filter_false" time="0.247" /><testcase classname="tests.test_phase3_filters.TestPhase3Filters" name="test_combined_filters" time="0.378" /><testcase classname="tests.test_phase3_filters.TestPhase3Filters" name="test_phase3_filters_with_existing_filters" time="0.340" /></testsuite></testsuites>